#
# There is insufficient memory for the Java Runtime Environment to continue.
# Native memory allocation (malloc) failed to allocate 1889296 bytes. Error detail: Chunk::new
# Possible reasons:
#   The system is out of physical RAM or swap space
#   This process is running with CompressedOops enabled, and the Java Heap may be blocking the growth of the native heap
# Possible solutions:
#   Reduce memory load on the system
#   Increase physical memory or swap space
#   Check if swap backing store is full
#   Decrease Java heap size (-Xmx/-Xms)
#   Decrease number of Java threads
#   Decrease Java thread stack sizes (-Xss)
#   Set larger code cache with -XX:ReservedCodeCacheSize=
#   JVM is running with Unscaled Compressed Oops mode in which the Java heap is
#     placed in the first 4GB address space. The Java Heap base address is the
#     maximum limit for the native heap growth. Please use -XX:HeapBaseMinAddress
#     to set the Java Heap base and to place the Java Heap above 4GB virtual address.
# This output file may be truncated or incomplete.
#
#  Out of Memory Error (arena.cpp:168), pid=13436, tid=22192
#
# JRE version: OpenJDK Runtime Environment Temurin-21.0.9+10 (21.0.9+10) (build 21.0.9+10-LTS)
# Java VM: OpenJDK 64-Bit Server VM Temurin-21.0.9+10 (21.0.9+10-LTS, mixed mode, sharing, tiered, compressed oops, compressed class ptrs, parallel gc, windows-amd64)
# No core dump will be written. Minidumps are not enabled by default on client versions of Windows
#

---------------  S U M M A R Y ------------

Command Line: --add-modules=ALL-SYSTEM --add-opens=java.base/java.util=ALL-UNNAMED --add-opens=java.base/java.lang=ALL-UNNAMED --add-opens=java.base/sun.nio.fs=ALL-UNNAMED -Declipse.application=org.eclipse.jdt.ls.core.id1 -Dosgi.bundles.defaultStartLevel=4 -Declipse.product=org.eclipse.jdt.ls.core.product -Djava.import.generatesMetadataFilesAtProjectRoot=false -DDetectVMInstallationsJob.disabled=true -Dfile.encoding=utf8 -XX:+UseParallelGC -XX:GCTimeRatio=4 -XX:AdaptiveSizePolicyWeight=90 -Dsun.zip.disableMemoryMapping=true -Xmx2G -Xms100m -Xlog:disable -javaagent:c:\Users\LENOVO\.antigravity\extensions\redhat.java-1.51.0-win32-x64\lombok\lombok-1.18.39-4050.jar -XX:+HeapDumpOnOutOfMemoryError -XX:HeapDumpPath=c:\Users\LENOVO\AppData\Roaming\Antigravity\User\workspaceStorage\e59359546b2dd40c70b9ce3419f137bf\redhat.java -Daether.dependencyCollector.impl=bf c:\Users\LENOVO\.antigravity\extensions\redhat.java-1.51.0-win32-x64\server\plugins\org.eclipse.equinox.launcher_1.7.100.v20251111-0406.jar -configuration c:\Users\LENOVO\AppData\Roaming\Antigravity\User\globalStorage\redhat.java\1.51.0\config_win -data c:\Users\LENOVO\AppData\Roaming\Antigravity\User\workspaceStorage\e59359546b2dd40c70b9ce3419f137bf\redhat.java\jdt_ws --pipe=\\.\pipe\lsp-aa81d202b601b9c1a852ebeb2e88fda6-sock

Host: AMD Ryzen 5 5600H with Radeon Graphics         , 12 cores, 13G,  Windows 11 , 64 bit Build 26100 (10.0.26100.7623)
Time: Tue Jan 20 15:12:42 2026 SE Asia Standard Time elapsed time: 61.917913 seconds (0d 0h 1m 1s)

---------------  T H R E A D  ---------------

Current thread (0x0000012efa69f760):  JavaThread "C2 CompilerThread2" daemon [_thread_in_native, id=22192, stack(0x0000002994a00000,0x0000002994b00000) (1024K)]


Current CompileTask:
C2:61917 10575 %     4       org.lombokweb.asm.ClassReader::readCode @ 2037 (5117 bytes)

Stack: [0x0000002994a00000,0x0000002994b00000]
Native frames: (J=compiled Java code, j=interpreted, Vv=VM code, C=native code)
V  [jvm.dll+0x6d6e29]
V  [jvm.dll+0x8b4b76]
V  [jvm.dll+0x8b712e]
V  [jvm.dll+0x8b7813]
V  [jvm.dll+0x283d86]
V  [jvm.dll+0xc66ed]
V  [jvm.dll+0xc6c31]
V  [jvm.dll+0x3be501]
V  [jvm.dll+0x1e3b52]
V  [jvm.dll+0x24c0f3]
V  [jvm.dll+0x24b580]
V  [jvm.dll+0x1cb13e]
V  [jvm.dll+0x25b29d]
V  [jvm.dll+0x25982a]
V  [jvm.dll+0x3f7ea6]
V  [jvm.dll+0x85e9ad]
V  [jvm.dll+0x6d565d]
C  [ucrtbase.dll+0x37b0]
C  [KERNEL32.DLL+0x2e8d7]
C  [ntdll.dll+0x8c53c]


---------------  P R O C E S S  ---------------

Threads class SMR info:
_java_thread_list=0x0000012eff0545c0, length=45, elements={
0x0000012ed8bb3b80, 0x0000012ed8c50170, 0x0000012ed8c53790, 0x0000012ed8c57c70,
0x0000012ed8c5a7d0, 0x0000012ed8c5b220, 0x0000012ed8c5bc70, 0x0000012ed8c5eab0,
0x0000012ed8c6ddb0, 0x0000012ef0b18290, 0x0000012ef0bd81c0, 0x0000012ef60160e0,
0x0000012ef64de400, 0x0000012ef60139a0, 0x0000012ef64dbb50, 0x0000012ef6b39e10,
0x0000012ef6a8f610, 0x0000012ef67ec390, 0x0000012ef71278f0, 0x0000012ef77995c0,
0x0000012ef7799c50, 0x0000012ef779b000, 0x0000012ef779a2e0, 0x0000012ef779c3b0,
0x0000012ef779ca40, 0x0000012ef779b690, 0x0000012ef779a970, 0x0000012ef779bd20,
0x0000012ef8e1c270, 0x0000012ef8e19b10, 0x0000012ef8e1aec0, 0x0000012ef8e1b550,
0x0000012ef8e1bbe0, 0x0000012ef8e1cf90, 0x0000012ef8e1c900, 0x0000012ef8e1d620,
0x0000012ef8e1a1a0, 0x0000012ef8e1dcb0, 0x0000012ef8e1a830, 0x0000012ef8e1fd80,
0x0000012ef8e21130, 0x0000012ef8e1e9d0, 0x0000012ef8e20aa0, 0x0000012efa69e2f0,
0x0000012efa69f760
}

Java Threads: ( => current thread )
  0x0000012ed8bb3b80 JavaThread "main"                              [_thread_blocked, id=17864, stack(0x0000002994c00000,0x0000002994d00000) (1024K)]
  0x0000012ed8c50170 JavaThread "Reference Handler"          daemon [_thread_blocked, id=18468, stack(0x0000002995000000,0x0000002995100000) (1024K)]
  0x0000012ed8c53790 JavaThread "Finalizer"                  daemon [_thread_blocked, id=18476, stack(0x0000002995100000,0x0000002995200000) (1024K)]
  0x0000012ed8c57c70 JavaThread "Signal Dispatcher"          daemon [_thread_blocked, id=2952, stack(0x0000002995200000,0x0000002995300000) (1024K)]
  0x0000012ed8c5a7d0 JavaThread "Attach Listener"            daemon [_thread_blocked, id=17388, stack(0x0000002995300000,0x0000002995400000) (1024K)]
  0x0000012ed8c5b220 JavaThread "Service Thread"             daemon [_thread_blocked, id=18808, stack(0x0000002995400000,0x0000002995500000) (1024K)]
  0x0000012ed8c5bc70 JavaThread "Monitor Deflation Thread"   daemon [_thread_blocked, id=13700, stack(0x0000002995500000,0x0000002995600000) (1024K)]
  0x0000012ed8c5eab0 JavaThread "C2 CompilerThread0"         daemon [_thread_in_native, id=22324, stack(0x0000002995600000,0x0000002995700000) (1024K)]
  0x0000012ed8c6ddb0 JavaThread "C1 CompilerThread0"         daemon [_thread_blocked, id=22316, stack(0x0000002995700000,0x0000002995800000) (1024K)]
  0x0000012ef0b18290 JavaThread "Common-Cleaner"             daemon [_thread_blocked, id=16296, stack(0x0000002995900000,0x0000002995a00000) (1024K)]
  0x0000012ef0bd81c0 JavaThread "Notification Thread"        daemon [_thread_blocked, id=23364, stack(0x0000002995a00000,0x0000002995b00000) (1024K)]
  0x0000012ef60160e0 JavaThread "Active Thread: Equinox Container: d1b631be-b161-4cd8-bef2-08e1b12e98f3"        [_thread_blocked, id=23496, stack(0x0000002995b00000,0x0000002995c00000) (1024K)]
  0x0000012ef64de400 JavaThread "Refresh Thread: Equinox Container: d1b631be-b161-4cd8-bef2-08e1b12e98f3" daemon [_thread_blocked, id=14588, stack(0x0000002996200000,0x0000002996300000) (1024K)]
  0x0000012ef60139a0 JavaThread "Framework Event Dispatcher: Equinox Container: d1b631be-b161-4cd8-bef2-08e1b12e98f3" daemon [_thread_blocked, id=23432, stack(0x0000002996300000,0x0000002996400000) (1024K)]
  0x0000012ef64dbb50 JavaThread "Start Level: Equinox Container: d1b631be-b161-4cd8-bef2-08e1b12e98f3" daemon [_thread_blocked, id=18064, stack(0x0000002996400000,0x0000002996500000) (1024K)]
  0x0000012ef6b39e10 JavaThread "Bundle File Closer"         daemon [_thread_blocked, id=9240, stack(0x0000002996800000,0x0000002996900000) (1024K)]
  0x0000012ef6a8f610 JavaThread "SCR Component Actor"        daemon [_thread_blocked, id=20744, stack(0x0000002996500000,0x0000002996600000) (1024K)]
  0x0000012ef67ec390 JavaThread "Worker-JM"                         [_thread_blocked, id=17480, stack(0x0000002996b00000,0x0000002996c00000) (1024K)]
  0x0000012ef71278f0 JavaThread "JNA Cleaner"                daemon [_thread_blocked, id=15792, stack(0x0000002996c00000,0x0000002996d00000) (1024K)]
  0x0000012ef77995c0 JavaThread "Worker-0"                          [_thread_blocked, id=3548, stack(0x0000002996a00000,0x0000002996b00000) (1024K)]
  0x0000012ef7799c50 JavaThread "Worker-1"                          [_thread_blocked, id=19596, stack(0x0000002996d00000,0x0000002996e00000) (1024K)]
  0x0000012ef779b000 JavaThread "Java indexing"              daemon [_thread_blocked, id=9428, stack(0x0000002996f00000,0x0000002997000000) (1024K)]
  0x0000012ef779a2e0 JavaThread "Worker-2"                          [_thread_blocked, id=18876, stack(0x0000002997200000,0x0000002997300000) (1024K)]
  0x0000012ef779c3b0 JavaThread "Worker-3: Initialize workspace"        [_thread_blocked, id=21600, stack(0x0000002997300000,0x0000002997400000) (1024K)]
  0x0000012ef779ca40 JavaThread "Thread-1"                   daemon [_thread_in_native, id=20796, stack(0x0000002997400000,0x0000002997500000) (1024K)]
  0x0000012ef779b690 JavaThread "Thread-2"                   daemon [_thread_in_native, id=8880, stack(0x0000002997500000,0x0000002997600000) (1024K)]
  0x0000012ef779a970 JavaThread "Thread-3"                   daemon [_thread_in_native, id=13156, stack(0x0000002997600000,0x0000002997700000) (1024K)]
  0x0000012ef779bd20 JavaThread "Thread-4"                   daemon [_thread_in_native, id=15704, stack(0x0000002997700000,0x0000002997800000) (1024K)]
  0x0000012ef8e1c270 JavaThread "Thread-5"                   daemon [_thread_in_native, id=11980, stack(0x0000002997800000,0x0000002997900000) (1024K)]
  0x0000012ef8e19b10 JavaThread "Thread-6"                   daemon [_thread_in_native, id=21164, stack(0x0000002997900000,0x0000002997a00000) (1024K)]
  0x0000012ef8e1aec0 JavaThread "Thread-7"                   daemon [_thread_in_native, id=17664, stack(0x0000002997a00000,0x0000002997b00000) (1024K)]
  0x0000012ef8e1b550 JavaThread "Thread-8"                   daemon [_thread_in_native, id=2608, stack(0x0000002997b00000,0x0000002997c00000) (1024K)]
  0x0000012ef8e1bbe0 JavaThread "Thread-9"                   daemon [_thread_in_native, id=7860, stack(0x0000002997c00000,0x0000002997d00000) (1024K)]
  0x0000012ef8e1cf90 JavaThread "Thread-10"                  daemon [_thread_in_native, id=14560, stack(0x0000002997d00000,0x0000002997e00000) (1024K)]
  0x0000012ef8e1c900 JavaThread "Thread-11"                  daemon [_thread_in_native, id=4572, stack(0x0000002997e00000,0x0000002997f00000) (1024K)]
  0x0000012ef8e1d620 JavaThread "Thread-12"                  daemon [_thread_in_native, id=20224, stack(0x0000002997f00000,0x0000002998000000) (1024K)]
  0x0000012ef8e1a1a0 JavaThread "Thread-13"                  daemon [_thread_in_native, id=5984, stack(0x0000002998000000,0x0000002998100000) (1024K)]
  0x0000012ef8e1dcb0 JavaThread "pool-2-thread-1"                   [_thread_blocked, id=22836, stack(0x0000002998100000,0x0000002998200000) (1024K)]
  0x0000012ef8e1a830 JavaThread "Worker-4: Initialize Workspace"        [_thread_blocked, id=13628, stack(0x0000002998200000,0x0000002998300000) (1024K)]
  0x0000012ef8e1fd80 JavaThread "WorkspaceEventsHandler"            [_thread_blocked, id=16624, stack(0x0000002998300000,0x0000002998400000) (1024K)]
  0x0000012ef8e21130 JavaThread "pool-1-thread-1"                   [_thread_in_native, id=14052, stack(0x0000002998400000,0x0000002998500000) (1024K)]
  0x0000012ef8e1e9d0 JavaThread "Worker-5"                          [_thread_blocked, id=1000, stack(0x0000002998600000,0x0000002998700000) (1024K)]
  0x0000012ef8e20aa0 JavaThread "Timer-0"                           [_thread_blocked, id=1736, stack(0x0000002998800000,0x0000002998900000) (1024K)]
  0x0000012efa69e2f0 JavaThread "C2 CompilerThread1"         daemon [_thread_in_native, id=21220, stack(0x0000002994900000,0x0000002994a00000) (1024K)]
=>0x0000012efa69f760 JavaThread "C2 CompilerThread2"         daemon [_thread_in_native, id=22192, stack(0x0000002994a00000,0x0000002994b00000) (1024K)]
Total: 45

Other Threads:
  0x0000012ed8b44200 VMThread "VM Thread"                           [id=23160, stack(0x0000002994f00000,0x0000002995000000) (1024K)]
  0x0000012ed8a3ca00 WatcherThread "VM Periodic Task Thread"        [id=12964, stack(0x0000002994e00000,0x0000002994f00000) (1024K)]
  0x0000012ed8bd1850 WorkerThread "GC Thread#0"                     [id=8184, stack(0x0000002994d00000,0x0000002994e00000) (1024K)]
  0x0000012ef66f82e0 WorkerThread "GC Thread#1"                     [id=5384, stack(0x0000002995c00000,0x0000002995d00000) (1024K)]
  0x0000012ef66f8e90 WorkerThread "GC Thread#2"                     [id=18176, stack(0x0000002995d00000,0x0000002995e00000) (1024K)]
  0x0000012ef64a1fd0 WorkerThread "GC Thread#3"                     [id=22076, stack(0x0000002995e00000,0x0000002995f00000) (1024K)]
  0x0000012ef64a2370 WorkerThread "GC Thread#4"                     [id=22560, stack(0x0000002995f00000,0x0000002996000000) (1024K)]
  0x0000012ef64a2b20 WorkerThread "GC Thread#5"                     [id=21904, stack(0x0000002996000000,0x0000002996100000) (1024K)]
  0x0000012ef64a2ec0 WorkerThread "GC Thread#6"                     [id=16964, stack(0x0000002996100000,0x0000002996200000) (1024K)]
  0x0000012ef66769c0 WorkerThread "GC Thread#7"                     [id=9980, stack(0x0000002995800000,0x0000002995900000) (1024K)]
  0x0000012ef6462440 WorkerThread "GC Thread#8"                     [id=16264, stack(0x0000002996600000,0x0000002996700000) (1024K)]
  0x0000012ef6462f20 WorkerThread "GC Thread#9"                     [id=17400, stack(0x0000002996700000,0x0000002996800000) (1024K)]
Total: 12

Threads with active compile tasks:
C2 CompilerThread0  62036 10590       4       org.lombokweb.asm.ClassReader::readMethod (1070 bytes)
C2 CompilerThread1  62036 10555 %     4       org.lombokweb.asm.SymbolTable::<init> @ 98 (554 bytes)
C2 CompilerThread2  62036 10575 %     4       org.lombokweb.asm.ClassReader::readCode @ 2037 (5117 bytes)
Total: 3

VM state: not at safepoint (normal execution)

VM Mutex/Monitor currently owned by a thread: None

Heap address: 0x0000000080000000, size: 2048 MB, Compressed Oops mode: 32-bit

CDS archive(s) mapped at: [0x0000012e80000000-0x0000012e80ba0000-0x0000012e80ba0000), size 12189696, SharedBaseAddress: 0x0000012e80000000, ArchiveRelocationMode: 1.
Compressed class space mapped at: 0x0000012e81000000-0x0000012ec1000000, reserved size: 1073741824
Narrow klass base: 0x0000012e80000000, Narrow klass shift: 0, Narrow klass range: 0x100000000

GC Precious Log:
 CardTable entry size: 512
 CPUs: 12 total, 12 available
 Memory: 14188M
 Large Page Support: Disabled
 NUMA Support: Disabled
 Compressed Oops: Enabled (32-bit)
 Alignments: Space 512K, Generation 512K, Heap 2M
 Heap Min Capacity: 100M
 Heap Initial Capacity: 100M
 Heap Max Capacity: 2G
 Pre-touch: Disabled
 Parallel Workers: 10

Heap:
 PSYoungGen      total 3584K, used 2057K [0x00000000d5580000, 0x00000000d5a80000, 0x0000000100000000)
  eden space 3072K, 51% used [0x00000000d5580000,0x00000000d570a6c8,0x00000000d5880000)
  from space 512K, 93% used [0x00000000d5a00000,0x00000000d5a780b8,0x00000000d5a80000)
  to   space 1024K, 0% used [0x00000000d5880000,0x00000000d5880000,0x00000000d5980000)
 ParOldGen       total 934912K, used 554135K [0x0000000080000000, 0x00000000b9100000, 0x00000000d5580000)
  object space 934912K, 59% used [0x0000000080000000,0x00000000a1d25df8,0x00000000b9100000)
 Metaspace       used 69274K, committed 70720K, reserved 1114112K
  class space    used 8030K, committed 8640K, reserved 1048576K

Card table byte_map: [0x0000012ed8550000,0x0000012ed8960000] _byte_map_base: 0x0000012ed8150000

Marking Bits: (ParMarkBitMap*) 0x00007ffa98612460
 Begin Bits: [0x0000012eeb060000, 0x0000012eed060000)
 End Bits:   [0x0000012eed060000, 0x0000012eef060000)

Polling page: 0x0000012ed6b40000

Metaspace:

Usage:
  Non-class:     59.81 MB used.
      Class:      7.84 MB used.
       Both:     67.65 MB used.

Virtual space:
  Non-class space:       64.00 MB reserved,      60.62 MB ( 95%) committed,  1 nodes.
      Class space:        1.00 GB reserved,       8.44 MB ( <1%) committed,  1 nodes.
             Both:        1.06 GB reserved,      69.06 MB (  6%) committed. 

Chunk freelists:
   Non-Class:  2.86 MB
       Class:  7.53 MB
        Both:  10.39 MB

MaxMetaspaceSize: unlimited
CompressedClassSpaceSize: 1.00 GB
Initial GC threshold: 21.00 MB
Current GC threshold: 97.31 MB
CDS: on
 - commit_granule_bytes: 65536.
 - commit_granule_words: 8192.
 - virtual_space_node_default_size: 8388608.
 - enlarge_chunks_in_place: 1.
 - use_allocation_guard: 0.


Internal statistics:

num_allocs_failed_limit: 9.
num_arena_births: 1252.
num_arena_deaths: 14.
num_vsnodes_births: 2.
num_vsnodes_deaths: 0.
num_space_committed: 1105.
num_space_uncommitted: 0.
num_chunks_returned_to_freelist: 23.
num_chunks_taken_from_freelist: 4263.
num_chunk_merges: 8.
num_chunk_splits: 2653.
num_chunks_enlarged: 1547.
num_inconsistent_stats: 0.

CodeHeap 'non-profiled nmethods': size=120000Kb used=9354Kb max_used=9354Kb free=110645Kb
 bounds [0x0000012ee3880000, 0x0000012ee41b0000, 0x0000012eeadb0000]
CodeHeap 'profiled nmethods': size=120000Kb used=22290Kb max_used=22290Kb free=97709Kb
 bounds [0x0000012edbdb0000, 0x0000012edd380000, 0x0000012ee32e0000]
CodeHeap 'non-nmethods': size=5760Kb used=1458Kb max_used=1525Kb free=4301Kb
 bounds [0x0000012ee32e0000, 0x0000012ee3550000, 0x0000012ee3880000]
CodeCache: size=245760Kb, used=33102Kb, max_used=33169Kb, free=212655Kb
 total_blobs=10524, nmethods=9753, adapters=677, full_count=0
Compilation: enabled, stopped_count=0, restarted_count=0

Compilation events (20 events):
Event: 60.855 Thread 0x0000012ed8c6ddb0 10601       3       org.eclipse.jdt.internal.compiler.parser.Parser::pushIdentifier (200 bytes)
Event: 60.856 Thread 0x0000012ed8c6ddb0 nmethod 10601 0x0000012edd36ac90 code [0x0000012edd36aee0, 0x0000012edd36ba60]
Event: 60.856 Thread 0x0000012ed8c6ddb0 10606       3       lombok.core.LombokImmutableList::iterator (9 bytes)
Event: 60.856 Thread 0x0000012ed8c6ddb0 nmethod 10606 0x0000012edd36be90 code [0x0000012edd36c040, 0x0000012edd36c280]
Event: 60.856 Thread 0x0000012ed8c6ddb0 10611       3       lombok.eclipse.EclipseAST::traverseChildren (41 bytes)
Event: 60.856 Thread 0x0000012ed8c6ddb0 nmethod 10611 0x0000012edd36c390 code [0x0000012edd36c580, 0x0000012edd36ca38]
Event: 60.856 Thread 0x0000012ed8c6ddb0 10607       3       lombok.core.LombokImmutableList$1::next (43 bytes)
Event: 60.856 Thread 0x0000012ed8c6ddb0 nmethod 10607 0x0000012edd36cc90 code [0x0000012edd36ce60, 0x0000012edd36d0d8]
Event: 60.856 Thread 0x0000012ed8c6ddb0 10610       3       lombok.core.LombokImmutableList$1::<init> (15 bytes)
Event: 60.856 Thread 0x0000012ed8c6ddb0 nmethod 10610 0x0000012edd36d210 code [0x0000012edd36d3c0, 0x0000012edd36d548]
Event: 60.856 Thread 0x0000012ed8c6ddb0 10608       3       lombok.eclipse.EclipseNode::calculateIsStructurallySignificant (9 bytes)
Event: 60.856 Thread 0x0000012ed8c6ddb0 nmethod 10608 0x0000012edd36d610 code [0x0000012edd36d7c0, 0x0000012edd36da00]
Event: 60.856 Thread 0x0000012ed8c6ddb0 10609       3       lombok.eclipse.EclipseNode::calculateIsStructurallySignificant (62 bytes)
Event: 60.857 Thread 0x0000012ed8c6ddb0 nmethod 10609 0x0000012edd36db10 code [0x0000012edd36dd00, 0x0000012edd36e4a8]
Event: 60.857 Thread 0x0000012ed8c6ddb0 10612       3       lombok.core.LombokImmutableList::size (6 bytes)
Event: 60.857 Thread 0x0000012ed8c6ddb0 nmethod 10612 0x0000012edd36e590 code [0x0000012edd36e720, 0x0000012edd36e838]
Event: 60.891 Thread 0x0000012ed8c6ddb0 10614   !   3       jdk.internal.loader.BuiltinClassLoader::findResource (72 bytes)
Event: 60.892 Thread 0x0000012ed8c6ddb0 nmethod 10614 0x0000012edd36e910 code [0x0000012edd36eb20, 0x0000012edd36f0f0]
Event: 61.498 Thread 0x0000012ed8c6ddb0 10615       3       java.util.TaskQueue::isEmpty (13 bytes)
Event: 61.499 Thread 0x0000012ed8c6ddb0 nmethod 10615 0x0000012edd36f310 code [0x0000012edd36f4a0, 0x0000012edd36f600]

GC Heap History (20 events):
Event: 60.489 GC heap before
{Heap before GC invocations=1243 (full 3):
 PSYoungGen      total 4608K, used 4203K [0x00000000d5580000, 0x00000000d5b80000, 0x0000000100000000)
  eden space 3072K, 95% used [0x00000000d5580000,0x00000000d585ad08,0x00000000d5880000)
  from space 1536K, 83% used [0x00000000d5900000,0x00000000d5a3ffe0,0x00000000d5a80000)
  to   space 1024K, 0% used [0x00000000d5a80000,0x00000000d5a80000,0x00000000d5b80000)
 ParOldGen       total 934912K, used 553695K [0x0000000080000000, 0x00000000b9100000, 0x00000000d5580000)
  object space 934912K, 59% used [0x0000000080000000,0x00000000a1cb7df8,0x00000000b9100000)
 Metaspace       used 67781K, committed 69248K, reserved 1114112K
  class space    used 7885K, committed 8512K, reserved 1048576K
}
Event: 60.491 GC heap after
{Heap after GC invocations=1243 (full 3):
 PSYoungGen      total 4096K, used 947K [0x00000000d5580000, 0x00000000d5b80000, 0x0000000100000000)
  eden space 3072K, 0% used [0x00000000d5580000,0x00000000d5580000,0x00000000d5880000)
  from space 1024K, 92% used [0x00000000d5a80000,0x00000000d5b6cf60,0x00000000d5b80000)
  to   space 1536K, 0% used [0x00000000d5880000,0x00000000d5880000,0x00000000d5a00000)
 ParOldGen       total 934912K, used 553695K [0x0000000080000000, 0x00000000b9100000, 0x00000000d5580000)
  object space 934912K, 59% used [0x0000000080000000,0x00000000a1cb7df8,0x00000000b9100000)
 Metaspace       used 67781K, committed 69248K, reserved 1114112K
  class space    used 7885K, committed 8512K, reserved 1048576K
}
Event: 60.508 GC heap before
{Heap before GC invocations=1244 (full 3):
 PSYoungGen      total 4096K, used 4019K [0x00000000d5580000, 0x00000000d5b80000, 0x0000000100000000)
  eden space 3072K, 100% used [0x00000000d5580000,0x00000000d5880000,0x00000000d5880000)
  from space 1024K, 92% used [0x00000000d5a80000,0x00000000d5b6cf60,0x00000000d5b80000)
  to   space 1536K, 0% used [0x00000000d5880000,0x00000000d5880000,0x00000000d5a00000)
 ParOldGen       total 934912K, used 553695K [0x0000000080000000, 0x00000000b9100000, 0x00000000d5580000)
  object space 934912K, 59% used [0x0000000080000000,0x00000000a1cb7df8,0x00000000b9100000)
 Metaspace       used 67786K, committed 69248K, reserved 1114112K
  class space    used 7885K, committed 8512K, reserved 1048576K
}
Event: 60.510 GC heap after
{Heap after GC invocations=1244 (full 3):
 PSYoungGen      total 4608K, used 1001K [0x00000000d5580000, 0x00000000d5b00000, 0x0000000100000000)
  eden space 3072K, 0% used [0x00000000d5580000,0x00000000d5580000,0x00000000d5880000)
  from space 1536K, 65% used [0x00000000d5880000,0x00000000d597a620,0x00000000d5a00000)
  to   space 1024K, 0% used [0x00000000d5a00000,0x00000000d5a00000,0x00000000d5b00000)
 ParOldGen       total 934912K, used 553703K [0x0000000080000000, 0x00000000b9100000, 0x00000000d5580000)
  object space 934912K, 59% used [0x0000000080000000,0x00000000a1cb9df8,0x00000000b9100000)
 Metaspace       used 67786K, committed 69248K, reserved 1114112K
  class space    used 7885K, committed 8512K, reserved 1048576K
}
Event: 60.525 GC heap before
{Heap before GC invocations=1245 (full 3):
 PSYoungGen      total 4608K, used 4073K [0x00000000d5580000, 0x00000000d5b00000, 0x0000000100000000)
  eden space 3072K, 100% used [0x00000000d5580000,0x00000000d5880000,0x00000000d5880000)
  from space 1536K, 65% used [0x00000000d5880000,0x00000000d597a620,0x00000000d5a00000)
  to   space 1024K, 0% used [0x00000000d5a00000,0x00000000d5a00000,0x00000000d5b00000)
 ParOldGen       total 934912K, used 553703K [0x0000000080000000, 0x00000000b9100000, 0x00000000d5580000)
  object space 934912K, 59% used [0x0000000080000000,0x00000000a1cb9df8,0x00000000b9100000)
 Metaspace       used 67790K, committed 69248K, reserved 1114112K
  class space    used 7885K, committed 8512K, reserved 1048576K
}
Event: 60.537 GC heap after
{Heap after GC invocations=1245 (full 3):
 PSYoungGen      total 4096K, used 1003K [0x00000000d5580000, 0x00000000d5b80000, 0x0000000100000000)
  eden space 3072K, 0% used [0x00000000d5580000,0x00000000d5580000,0x00000000d5880000)
  from space 1024K, 97% used [0x00000000d5a00000,0x00000000d5afada0,0x00000000d5b00000)
  to   space 1536K, 0% used [0x00000000d5880000,0x00000000d5880000,0x00000000d5a00000)
 ParOldGen       total 934912K, used 553727K [0x0000000080000000, 0x00000000b9100000, 0x00000000d5580000)
  object space 934912K, 59% used [0x0000000080000000,0x00000000a1cbfdf8,0x00000000b9100000)
 Metaspace       used 67790K, committed 69248K, reserved 1114112K
  class space    used 7885K, committed 8512K, reserved 1048576K
}
Event: 60.546 GC heap before
{Heap before GC invocations=1246 (full 3):
 PSYoungGen      total 4096K, used 4013K [0x00000000d5580000, 0x00000000d5b80000, 0x0000000100000000)
  eden space 3072K, 97% used [0x00000000d5580000,0x00000000d5870688,0x00000000d5880000)
  from space 1024K, 97% used [0x00000000d5a00000,0x00000000d5afada0,0x00000000d5b00000)
  to   space 1536K, 0% used [0x00000000d5880000,0x00000000d5880000,0x00000000d5a00000)
 ParOldGen       total 934912K, used 553727K [0x0000000080000000, 0x00000000b9100000, 0x00000000d5580000)
  object space 934912K, 59% used [0x0000000080000000,0x00000000a1cbfdf8,0x00000000b9100000)
 Metaspace       used 67797K, committed 69248K, reserved 1114112K
  class space    used 7885K, committed 8512K, reserved 1048576K
}
Event: 60.547 GC heap after
{Heap after GC invocations=1246 (full 3):
 PSYoungGen      total 4608K, used 1168K [0x00000000d5580000, 0x00000000d5b80000, 0x0000000100000000)
  eden space 3072K, 0% used [0x00000000d5580000,0x00000000d5580000,0x00000000d5880000)
  from space 1536K, 76% used [0x00000000d5880000,0x00000000d59a43d0,0x00000000d5a00000)
  to   space 1536K, 0% used [0x00000000d5a00000,0x00000000d5a00000,0x00000000d5b80000)
 ParOldGen       total 934912K, used 553767K [0x0000000080000000, 0x00000000b9100000, 0x00000000d5580000)
  object space 934912K, 59% used [0x0000000080000000,0x00000000a1cc9df8,0x00000000b9100000)
 Metaspace       used 67797K, committed 69248K, reserved 1114112K
  class space    used 7885K, committed 8512K, reserved 1048576K
}
Event: 60.554 GC heap before
{Heap before GC invocations=1247 (full 3):
 PSYoungGen      total 4608K, used 4240K [0x00000000d5580000, 0x00000000d5b80000, 0x0000000100000000)
  eden space 3072K, 100% used [0x00000000d5580000,0x00000000d5880000,0x00000000d5880000)
  from space 1536K, 76% used [0x00000000d5880000,0x00000000d59a43d0,0x00000000d5a00000)
  to   space 1536K, 0% used [0x00000000d5a00000,0x00000000d5a00000,0x00000000d5b80000)
 ParOldGen       total 934912K, used 553767K [0x0000000080000000, 0x00000000b9100000, 0x00000000d5580000)
  object space 934912K, 59% used [0x0000000080000000,0x00000000a1cc9df8,0x00000000b9100000)
 Metaspace       used 67797K, committed 69248K, reserved 1114112K
  class space    used 7885K, committed 8512K, reserved 1048576K
}
Event: 60.555 GC heap after
{Heap after GC invocations=1247 (full 3):
 PSYoungGen      total 4608K, used 1033K [0x00000000d5580000, 0x00000000d5b80000, 0x0000000100000000)
  eden space 3072K, 0% used [0x00000000d5580000,0x00000000d5580000,0x00000000d5880000)
  from space 1536K, 67% used [0x00000000d5a00000,0x00000000d5b02798,0x00000000d5b80000)
  to   space 1536K, 0% used [0x00000000d5880000,0x00000000d5880000,0x00000000d5a00000)
 ParOldGen       total 934912K, used 553791K [0x0000000080000000, 0x00000000b9100000, 0x00000000d5580000)
  object space 934912K, 59% used [0x0000000080000000,0x00000000a1ccfdf8,0x00000000b9100000)
 Metaspace       used 67797K, committed 69248K, reserved 1114112K
  class space    used 7885K, committed 8512K, reserved 1048576K
}
Event: 60.561 GC heap before
{Heap before GC invocations=1248 (full 3):
 PSYoungGen      total 4608K, used 4105K [0x00000000d5580000, 0x00000000d5b80000, 0x0000000100000000)
  eden space 3072K, 100% used [0x00000000d5580000,0x00000000d5880000,0x00000000d5880000)
  from space 1536K, 67% used [0x00000000d5a00000,0x00000000d5b02798,0x00000000d5b80000)
  to   space 1536K, 0% used [0x00000000d5880000,0x00000000d5880000,0x00000000d5a00000)
 ParOldGen       total 934912K, used 553791K [0x0000000080000000, 0x00000000b9100000, 0x00000000d5580000)
  object space 934912K, 59% used [0x0000000080000000,0x00000000a1ccfdf8,0x00000000b9100000)
 Metaspace       used 67797K, committed 69248K, reserved 1114112K
  class space    used 7885K, committed 8512K, reserved 1048576K
}
Event: 60.563 GC heap after
{Heap after GC invocations=1248 (full 3):
 PSYoungGen      total 4608K, used 1188K [0x00000000d5580000, 0x00000000d5b80000, 0x0000000100000000)
  eden space 3072K, 0% used [0x00000000d5580000,0x00000000d5580000,0x00000000d5880000)
  from space 1536K, 77% used [0x00000000d5880000,0x00000000d59a9188,0x00000000d5a00000)
  to   space 1536K, 0% used [0x00000000d5a00000,0x00000000d5a00000,0x00000000d5b80000)
 ParOldGen       total 934912K, used 553807K [0x0000000080000000, 0x00000000b9100000, 0x00000000d5580000)
  object space 934912K, 59% used [0x0000000080000000,0x00000000a1cd3df8,0x00000000b9100000)
 Metaspace       used 67797K, committed 69248K, reserved 1114112K
  class space    used 7885K, committed 8512K, reserved 1048576K
}
Event: 60.566 GC heap before
{Heap before GC invocations=1249 (full 3):
 PSYoungGen      total 4608K, used 4184K [0x00000000d5580000, 0x00000000d5b80000, 0x0000000100000000)
  eden space 3072K, 97% used [0x00000000d5580000,0x00000000d586cf78,0x00000000d5880000)
  from space 1536K, 77% used [0x00000000d5880000,0x00000000d59a9188,0x00000000d5a00000)
  to   space 1536K, 0% used [0x00000000d5a00000,0x00000000d5a00000,0x00000000d5b80000)
 ParOldGen       total 934912K, used 553807K [0x0000000080000000, 0x00000000b9100000, 0x00000000d5580000)
  object space 934912K, 59% used [0x0000000080000000,0x00000000a1cd3df8,0x00000000b9100000)
 Metaspace       used 67797K, committed 69248K, reserved 1114112K
  class space    used 7885K, committed 8512K, reserved 1048576K
}
Event: 60.567 GC heap after
{Heap after GC invocations=1249 (full 3):
 PSYoungGen      total 4096K, used 758K [0x00000000d5580000, 0x00000000d5b00000, 0x0000000100000000)
  eden space 3072K, 0% used [0x00000000d5580000,0x00000000d5580000,0x00000000d5880000)
  from space 1024K, 74% used [0x00000000d5a00000,0x00000000d5abd820,0x00000000d5b00000)
  to   space 1024K, 0% used [0x00000000d5900000,0x00000000d5900000,0x00000000d5a00000)
 ParOldGen       total 934912K, used 553807K [0x0000000080000000, 0x00000000b9100000, 0x00000000d5580000)
  object space 934912K, 59% used [0x0000000080000000,0x00000000a1cd3df8,0x00000000b9100000)
 Metaspace       used 67797K, committed 69248K, reserved 1114112K
  class space    used 7885K, committed 8512K, reserved 1048576K
}
Event: 60.575 GC heap before
{Heap before GC invocations=1250 (full 3):
 PSYoungGen      total 4096K, used 3814K [0x00000000d5580000, 0x00000000d5b00000, 0x0000000100000000)
  eden space 3072K, 99% used [0x00000000d5580000,0x00000000d587c2f0,0x00000000d5880000)
  from space 1024K, 74% used [0x00000000d5a00000,0x00000000d5abd820,0x00000000d5b00000)
  to   space 1024K, 0% used [0x00000000d5900000,0x00000000d5900000,0x00000000d5a00000)
 ParOldGen       total 934912K, used 553807K [0x0000000080000000, 0x00000000b9100000, 0x00000000d5580000)
  object space 934912K, 59% used [0x0000000080000000,0x00000000a1cd3df8,0x00000000b9100000)
 Metaspace       used 67798K, committed 69248K, reserved 1114112K
  class space    used 7885K, committed 8512K, reserved 1048576K
}
Event: 60.588 GC heap after
{Heap after GC invocations=1250 (full 3):
 PSYoungGen      total 4096K, used 1004K [0x00000000d5580000, 0x00000000d5b80000, 0x0000000100000000)
  eden space 3072K, 0% used [0x00000000d5580000,0x00000000d5580000,0x00000000d5880000)
  from space 1024K, 98% used [0x00000000d5900000,0x00000000d59fb150,0x00000000d5a00000)
  to   space 1536K, 0% used [0x00000000d5a00000,0x00000000d5a00000,0x00000000d5b80000)
 ParOldGen       total 934912K, used 553935K [0x0000000080000000, 0x00000000b9100000, 0x00000000d5580000)
  object space 934912K, 59% used [0x0000000080000000,0x00000000a1cf3df8,0x00000000b9100000)
 Metaspace       used 67798K, committed 69248K, reserved 1114112K
  class space    used 7885K, committed 8512K, reserved 1048576K
}
Event: 60.643 GC heap before
{Heap before GC invocations=1251 (full 3):
 PSYoungGen      total 4096K, used 4076K [0x00000000d5580000, 0x00000000d5b80000, 0x0000000100000000)
  eden space 3072K, 100% used [0x00000000d5580000,0x00000000d5880000,0x00000000d5880000)
  from space 1024K, 98% used [0x00000000d5900000,0x00000000d59fb150,0x00000000d5a00000)
  to   space 1536K, 0% used [0x00000000d5a00000,0x00000000d5a00000,0x00000000d5b80000)
 ParOldGen       total 934912K, used 553935K [0x0000000080000000, 0x00000000b9100000, 0x00000000d5580000)
  object space 934912K, 59% used [0x0000000080000000,0x00000000a1cf3df8,0x00000000b9100000)
 Metaspace       used 68063K, committed 69504K, reserved 1114112K
  class space    used 7897K, committed 8512K, reserved 1048576K
}
Event: 60.645 GC heap after
{Heap after GC invocations=1251 (full 3):
 PSYoungGen      total 3584K, used 160K [0x00000000d5580000, 0x00000000d5a80000, 0x0000000100000000)
  eden space 3072K, 0% used [0x00000000d5580000,0x00000000d5580000,0x00000000d5880000)
  from space 512K, 31% used [0x00000000d5a00000,0x00000000d5a28000,0x00000000d5a80000)
  to   space 1024K, 0% used [0x00000000d5880000,0x00000000d5880000,0x00000000d5980000)
 ParOldGen       total 934912K, used 554063K [0x0000000080000000, 0x00000000b9100000, 0x00000000d5580000)
  object space 934912K, 59% used [0x0000000080000000,0x00000000a1d13df8,0x00000000b9100000)
 Metaspace       used 68063K, committed 69504K, reserved 1114112K
  class space    used 7897K, committed 8512K, reserved 1048576K
}
Event: 60.783 GC heap before
{Heap before GC invocations=1252 (full 3):
 PSYoungGen      total 3584K, used 3228K [0x00000000d5580000, 0x00000000d5a80000, 0x0000000100000000)
  eden space 3072K, 99% used [0x00000000d5580000,0x00000000d587f018,0x00000000d5880000)
  from space 512K, 31% used [0x00000000d5a00000,0x00000000d5a28000,0x00000000d5a80000)
  to   space 1024K, 0% used [0x00000000d5880000,0x00000000d5880000,0x00000000d5980000)
 ParOldGen       total 934912K, used 554063K [0x0000000080000000, 0x00000000b9100000, 0x00000000d5580000)
  object space 934912K, 59% used [0x0000000080000000,0x00000000a1d13df8,0x00000000b9100000)
 Metaspace       used 68597K, committed 70016K, reserved 1114112K
  class space    used 7953K, committed 8576K, reserved 1048576K
}
Event: 60.784 GC heap after
{Heap after GC invocations=1252 (full 3):
 PSYoungGen      total 4096K, used 192K [0x00000000d5580000, 0x00000000d5a80000, 0x0000000100000000)
  eden space 3072K, 0% used [0x00000000d5580000,0x00000000d5580000,0x00000000d5880000)
  from space 1024K, 18% used [0x00000000d5880000,0x00000000d58b0000,0x00000000d5980000)
  to   space 512K, 0% used [0x00000000d5a00000,0x00000000d5a00000,0x00000000d5a80000)
 ParOldGen       total 934912K, used 554103K [0x0000000080000000, 0x00000000b9100000, 0x00000000d5580000)
  object space 934912K, 59% used [0x0000000080000000,0x00000000a1d1ddf8,0x00000000b9100000)
 Metaspace       used 68597K, committed 70016K, reserved 1114112K
  class space    used 7953K, committed 8576K, reserved 1048576K
}

Dll operation events (15 events):
Event: 0.735 Loaded shared library c:\Users\LENOVO\.antigravity\extensions\redhat.java-1.51.0-win32-x64\jre\21.0.9-win32-x86_64\bin\java.dll
Event: 0.894 Loaded shared library c:\Users\LENOVO\.antigravity\extensions\redhat.java-1.51.0-win32-x64\jre\21.0.9-win32-x86_64\bin\zip.dll
Event: 0.920 Loaded shared library C:\Users\LENOVO\.antigravity\extensions\redhat.java-1.51.0-win32-x64\jre\21.0.9-win32-x86_64\bin\instrument.dll
Event: 0.928 Loaded shared library C:\Users\LENOVO\.antigravity\extensions\redhat.java-1.51.0-win32-x64\jre\21.0.9-win32-x86_64\bin\net.dll
Event: 0.940 Loaded shared library C:\Users\LENOVO\.antigravity\extensions\redhat.java-1.51.0-win32-x64\jre\21.0.9-win32-x86_64\bin\nio.dll
Event: 0.946 Loaded shared library C:\Users\LENOVO\.antigravity\extensions\redhat.java-1.51.0-win32-x64\jre\21.0.9-win32-x86_64\bin\zip.dll
Event: 0.989 Loaded shared library C:\Users\LENOVO\.antigravity\extensions\redhat.java-1.51.0-win32-x64\jre\21.0.9-win32-x86_64\bin\jimage.dll
Event: 1.127 Loaded shared library c:\Users\LENOVO\.antigravity\extensions\redhat.java-1.51.0-win32-x64\jre\21.0.9-win32-x86_64\bin\verify.dll
Event: 13.300 Loaded shared library C:\Users\LENOVO\AppData\Roaming\Antigravity\User\globalStorage\redhat.java\1.51.0\config_win\org.eclipse.equinox.launcher\org.eclipse.equinox.launcher.win32.win32.x86_64_1.2.1400.v20250801-0854\eclipse_11916.dll
Event: 26.406 Loaded shared library C:\Users\LENOVO\AppData\Local\Temp\jna--2053026509\jna3629132894155563487.dll
Event: 27.950 Loaded shared library C:\Users\LENOVO\.antigravity\extensions\redhat.java-1.51.0-win32-x64\jre\21.0.9-win32-x86_64\bin\sunmscapi.dll
Event: 28.305 Loaded shared library C:\Users\LENOVO\.antigravity\extensions\redhat.java-1.51.0-win32-x64\jre\21.0.9-win32-x86_64\bin\extnet.dll
Event: 45.023 Loaded shared library C:\Users\LENOVO\.gradle\native\1def1411415f61bf3af743bc5b6707747c0891f09f0c88961ee8f79bc544acac\windows-amd64\native-platform.dll
Event: 58.594 Loaded shared library C:\Users\LENOVO\.antigravity\extensions\redhat.java-1.51.0-win32-x64\jre\21.0.9-win32-x86_64\bin\management.dll
Event: 58.599 Loaded shared library C:\Users\LENOVO\.antigravity\extensions\redhat.java-1.51.0-win32-x64\jre\21.0.9-win32-x86_64\bin\management_ext.dll

Deoptimization events (20 events):
Event: 60.488 Thread 0x0000012ef8e21130 Uncommon trap: trap_request=0xffffffde fr.pc=0x0000012ee3aec2a0 relative=0x00000000000083e0
Event: 60.488 Thread 0x0000012ef8e21130 Uncommon trap: reason=class_check action=maybe_recompile pc=0x0000012ee3aec2a0 method=lombok.patcher.PatchScript$MethodPatcher.visitMethod(ILjava/lang/String;Ljava/lang/String;Ljava/lang/String;[Ljava/lang/String;)Lorg/lombokweb/asm/MethodVisitor; @ 101 c
Event: 60.488 Thread 0x0000012ef8e21130 DEOPT PACKING pc=0x0000012ee3aec2a0 sp=0x00000029984f9dd0
Event: 60.488 Thread 0x0000012ef8e21130 DEOPT UNPACKING pc=0x0000012ee3333aa2 sp=0x00000029984f9d78 mode 2
Event: 60.488 Thread 0x0000012ef8e21130 Uncommon trap: trap_request=0xffffffde fr.pc=0x0000012ee3aec2a0 relative=0x00000000000083e0
Event: 60.488 Thread 0x0000012ef8e21130 Uncommon trap: reason=class_check action=maybe_recompile pc=0x0000012ee3aec2a0 method=lombok.patcher.PatchScript$MethodPatcher.visitMethod(ILjava/lang/String;Ljava/lang/String;Ljava/lang/String;[Ljava/lang/String;)Lorg/lombokweb/asm/MethodVisitor; @ 101 c
Event: 60.488 Thread 0x0000012ef8e21130 DEOPT PACKING pc=0x0000012ee3aec2a0 sp=0x00000029984f9dd0
Event: 60.488 Thread 0x0000012ef8e21130 DEOPT UNPACKING pc=0x0000012ee3333aa2 sp=0x00000029984f9d78 mode 2
Event: 60.488 Thread 0x0000012ef8e21130 Uncommon trap: trap_request=0xffffffde fr.pc=0x0000012ee3aec2a0 relative=0x00000000000083e0
Event: 60.488 Thread 0x0000012ef8e21130 Uncommon trap: reason=class_check action=maybe_recompile pc=0x0000012ee3aec2a0 method=lombok.patcher.PatchScript$MethodPatcher.visitMethod(ILjava/lang/String;Ljava/lang/String;Ljava/lang/String;[Ljava/lang/String;)Lorg/lombokweb/asm/MethodVisitor; @ 101 c
Event: 60.488 Thread 0x0000012ef8e21130 DEOPT PACKING pc=0x0000012ee3aec2a0 sp=0x00000029984f9dd0
Event: 60.488 Thread 0x0000012ef8e21130 DEOPT UNPACKING pc=0x0000012ee3333aa2 sp=0x00000029984f9d78 mode 2
Event: 60.488 Thread 0x0000012ef8e21130 Uncommon trap: trap_request=0xffffffde fr.pc=0x0000012ee3a89730 relative=0x0000000000000ff0
Event: 60.488 Thread 0x0000012ef8e21130 Uncommon trap: reason=class_check action=maybe_recompile pc=0x0000012ee3a89730 method=lombok.patcher.PatchScript$MethodPatcher.visitMethod(ILjava/lang/String;Ljava/lang/String;Ljava/lang/String;[Ljava/lang/String;)Lorg/lombokweb/asm/MethodVisitor; @ 101 c
Event: 60.488 Thread 0x0000012ef8e21130 DEOPT PACKING pc=0x0000012ee3a89730 sp=0x00000029984f9d90
Event: 60.488 Thread 0x0000012ef8e21130 DEOPT UNPACKING pc=0x0000012ee3333aa2 sp=0x00000029984f9d78 mode 2
Event: 60.539 Thread 0x0000012ef8e21130 Uncommon trap: trap_request=0xffffffcc fr.pc=0x0000012ee4199700 relative=0x00000000000018e0
Event: 60.539 Thread 0x0000012ef8e21130 Uncommon trap: reason=intrinsic_or_type_checked_inlining action=make_not_entrant pc=0x0000012ee4199700 method=java.util.ArrayList$SubList.toArray([Ljava/lang/Object;)[Ljava/lang/Object; @ 58 c2
Event: 60.539 Thread 0x0000012ef8e21130 DEOPT PACKING pc=0x0000012ee4199700 sp=0x00000029984f9660
Event: 60.539 Thread 0x0000012ef8e21130 DEOPT UNPACKING pc=0x0000012ee3333aa2 sp=0x00000029984f9588 mode 2

Classes loaded (20 events):
Event: 59.089 Loading class java/util/Collections$SynchronizedRandomAccessList
Event: 59.089 Loading class java/util/Collections$SynchronizedList
Event: 59.090 Loading class java/util/Collections$SynchronizedList done
Event: 59.090 Loading class java/util/Collections$SynchronizedRandomAccessList done
Event: 59.103 Loading class java/util/concurrent/CompletableFuture$Signaller
Event: 59.103 Loading class java/util/concurrent/CompletableFuture$Signaller done
Event: 59.262 Loading class java/util/AbstractList$ListItr
Event: 59.262 Loading class java/util/AbstractList$ListItr done
Event: 60.216 Loading class java/util/regex/Pattern$Caret
Event: 60.216 Loading class java/util/regex/Pattern$Caret done
Event: 60.833 Loading class java/util/stream/ReferencePipeline$4
Event: 60.834 Loading class java/util/stream/ReferencePipeline$4 done
Event: 60.834 Loading class java/util/stream/Nodes$IntFixedNodeBuilder
Event: 60.835 Loading class java/util/stream/Node$Builder$OfInt
Event: 60.835 Loading class java/util/stream/Node$Builder$OfInt done
Event: 60.835 Loading class java/util/stream/Nodes$IntArrayNode
Event: 60.835 Loading class java/util/stream/Nodes$IntArrayNode done
Event: 60.835 Loading class java/util/stream/Nodes$IntFixedNodeBuilder done
Event: 60.835 Loading class java/util/stream/ReferencePipeline$4$1
Event: 60.835 Loading class java/util/stream/ReferencePipeline$4$1 done

Classes unloaded (7 events):
Event: 27.069 Thread 0x0000012ed8b44200 Unloading class 0x0000012e811a3800 'java/lang/invoke/LambdaForm$MH+0x0000012e811a3800'
Event: 27.069 Thread 0x0000012ed8b44200 Unloading class 0x0000012e811a3400 'java/lang/invoke/LambdaForm$MH+0x0000012e811a3400'
Event: 27.069 Thread 0x0000012ed8b44200 Unloading class 0x0000012e811a3000 'java/lang/invoke/LambdaForm$MH+0x0000012e811a3000'
Event: 27.069 Thread 0x0000012ed8b44200 Unloading class 0x0000012e811a2c00 'java/lang/invoke/LambdaForm$MH+0x0000012e811a2c00'
Event: 27.069 Thread 0x0000012ed8b44200 Unloading class 0x0000012e811a2800 'java/lang/invoke/LambdaForm$BMH+0x0000012e811a2800'
Event: 27.069 Thread 0x0000012ed8b44200 Unloading class 0x0000012e811a2400 'java/lang/invoke/LambdaForm$DMH+0x0000012e811a2400'
Event: 27.069 Thread 0x0000012ed8b44200 Unloading class 0x0000012e811a1000 'java/lang/invoke/LambdaForm$DMH+0x0000012e811a1000'

Classes redefined (0 events):
No events

Internal exceptions (20 events):
Event: 59.067 Thread 0x0000012ef8e1a830 Exception <a 'sun/nio/fs/WindowsException'{0x00000000d55d3830}> (0x00000000d55d3830) 
thrown [s\src\hotspot\share\prims\jni.cpp, line 520]
Event: 59.067 Thread 0x0000012ef8e1a830 Exception <a 'sun/nio/fs/WindowsException'{0x00000000d55db9e8}> (0x00000000d55db9e8) 
thrown [s\src\hotspot\share\prims\jni.cpp, line 520]
Event: 59.068 Thread 0x0000012ef8e1a830 Exception <a 'sun/nio/fs/WindowsException'{0x00000000d55e4370}> (0x00000000d55e4370) 
thrown [s\src\hotspot\share\prims\jni.cpp, line 520]
Event: 59.068 Thread 0x0000012ef8e1a830 Exception <a 'sun/nio/fs/WindowsException'{0x00000000d55ec7f8}> (0x00000000d55ec7f8) 
thrown [s\src\hotspot\share\prims\jni.cpp, line 520]
Event: 59.068 Thread 0x0000012ef8e1a830 Exception <a 'sun/nio/fs/WindowsException'{0x00000000d55f4c08}> (0x00000000d55f4c08) 
thrown [s\src\hotspot\share\prims\jni.cpp, line 520]
Event: 59.069 Thread 0x0000012ef8e1a830 Exception <a 'sun/nio/fs/WindowsException'{0x00000000d55fcf70}> (0x00000000d55fcf70) 
thrown [s\src\hotspot\share\prims\jni.cpp, line 520]
Event: 59.069 Thread 0x0000012ef8e1a830 Exception <a 'sun/nio/fs/WindowsException'{0x00000000d56063d0}> (0x00000000d56063d0) 
thrown [s\src\hotspot\share\prims\jni.cpp, line 520]
Event: 59.069 Thread 0x0000012ef8e1a830 Exception <a 'sun/nio/fs/WindowsException'{0x00000000d560ea88}> (0x00000000d560ea88) 
thrown [s\src\hotspot\share\prims\jni.cpp, line 520]
Event: 59.069 Thread 0x0000012ef8e1a830 Exception <a 'sun/nio/fs/WindowsException'{0x00000000d5617028}> (0x00000000d5617028) 
thrown [s\src\hotspot\share\prims\jni.cpp, line 520]
Event: 59.070 Thread 0x0000012ef8e1a830 Exception <a 'sun/nio/fs/WindowsException'{0x00000000d561f0b8}> (0x00000000d561f0b8) 
thrown [s\src\hotspot\share\prims\jni.cpp, line 520]
Event: 59.070 Thread 0x0000012ef8e1a830 Exception <a 'sun/nio/fs/WindowsException'{0x00000000d5627690}> (0x00000000d5627690) 
thrown [s\src\hotspot\share\prims\jni.cpp, line 520]
Event: 59.070 Thread 0x0000012ef8e1a830 Exception <a 'sun/nio/fs/WindowsException'{0x00000000d562f8e8}> (0x00000000d562f8e8) 
thrown [s\src\hotspot\share\prims\jni.cpp, line 520]
Event: 59.071 Thread 0x0000012ef8e1a830 Exception <a 'sun/nio/fs/WindowsException'{0x00000000d5637e78}> (0x00000000d5637e78) 
thrown [s\src\hotspot\share\prims\jni.cpp, line 520]
Event: 59.071 Thread 0x0000012ef8e1a830 Exception <a 'sun/nio/fs/WindowsException'{0x00000000d563faa0}> (0x00000000d563faa0) 
thrown [s\src\hotspot\share\prims\jni.cpp, line 520]
Event: 59.071 Thread 0x0000012ef8e1a830 Exception <a 'sun/nio/fs/WindowsException'{0x00000000d5647980}> (0x00000000d5647980) 
thrown [s\src\hotspot\share\prims\jni.cpp, line 520]
Event: 59.072 Thread 0x0000012ef8e1a830 Exception <a 'sun/nio/fs/WindowsException'{0x00000000d5650508}> (0x00000000d5650508) 
thrown [s\src\hotspot\share\prims\jni.cpp, line 520]
Event: 59.072 Thread 0x0000012ef8e1a830 Exception <a 'sun/nio/fs/WindowsException'{0x00000000d5658970}> (0x00000000d5658970) 
thrown [s\src\hotspot\share\prims\jni.cpp, line 520]
Event: 59.073 Thread 0x0000012ef8e1a830 Exception <a 'sun/nio/fs/WindowsException'{0x00000000d5660dc0}> (0x00000000d5660dc0) 
thrown [s\src\hotspot\share\prims\jni.cpp, line 520]
Event: 59.073 Thread 0x0000012ef8e1a830 Exception <a 'sun/nio/fs/WindowsException'{0x00000000d5669750}> (0x00000000d5669750) 
thrown [s\src\hotspot\share\prims\jni.cpp, line 520]
Event: 59.073 Thread 0x0000012ef8e1a830 Exception <a 'sun/nio/fs/WindowsException'{0x00000000d5672540}> (0x00000000d5672540) 
thrown [s\src\hotspot\share\prims\jni.cpp, line 520]

ZGC Phase Switch (0 events):
No events

VM Operations (20 events):
Event: 60.554 Executing VM operation: ParallelGCFailedAllocation (Allocation Failure)
Event: 60.555 Executing VM operation: ParallelGCFailedAllocation (Allocation Failure) done
Event: 60.561 Executing VM operation: ParallelGCFailedAllocation (Allocation Failure)
Event: 60.563 Executing VM operation: ParallelGCFailedAllocation (Allocation Failure) done
Event: 60.566 Executing VM operation: ParallelGCFailedAllocation (Allocation Failure)
Event: 60.568 Executing VM operation: ParallelGCFailedAllocation (Allocation Failure) done
Event: 60.575 Executing VM operation: ParallelGCFailedAllocation (Allocation Failure)
Event: 60.588 Executing VM operation: ParallelGCFailedAllocation (Allocation Failure) done
Event: 60.643 Executing VM operation: ParallelGCFailedAllocation (Allocation Failure)
Event: 60.645 Executing VM operation: ParallelGCFailedAllocation (Allocation Failure) done
Event: 60.783 Executing VM operation: ParallelGCFailedAllocation (Allocation Failure)
Event: 60.784 Executing VM operation: ParallelGCFailedAllocation (Allocation Failure) done
Event: 60.798 Executing VM operation: HandshakeAllThreads (HandshakeForDeflation)
Event: 60.798 Executing VM operation: HandshakeAllThreads (HandshakeForDeflation) done
Event: 60.798 Executing VM operation: RendezvousGCThreads
Event: 60.798 Executing VM operation: RendezvousGCThreads done
Event: 60.825 Executing VM operation: HandshakeAllThreads (Deoptimize)
Event: 60.825 Executing VM operation: HandshakeAllThreads (Deoptimize) done
Event: 61.825 Executing VM operation: Cleanup
Event: 61.825 Executing VM operation: Cleanup done

Memory protections (0 events):
No events

Nmethod flushes (20 events):
Event: 45.094 Thread 0x0000012ed8b44200 flushing  nmethod 0x0000012edc619610
Event: 45.094 Thread 0x0000012ed8b44200 flushing  nmethod 0x0000012edc62f190
Event: 45.094 Thread 0x0000012ed8b44200 flushing  nmethod 0x0000012edc632c10
Event: 45.094 Thread 0x0000012ed8b44200 flushing  nmethod 0x0000012edc63aa10
Event: 45.094 Thread 0x0000012ed8b44200 flushing  nmethod 0x0000012edc66fc10
Event: 45.094 Thread 0x0000012ed8b44200 flushing  nmethod 0x0000012edc6a1c90
Event: 45.094 Thread 0x0000012ed8b44200 flushing  nmethod 0x0000012edc6be610
Event: 45.094 Thread 0x0000012ed8b44200 flushing  nmethod 0x0000012edc6bf190
Event: 45.094 Thread 0x0000012ed8b44200 flushing  nmethod 0x0000012edc6bfd10
Event: 45.094 Thread 0x0000012ed8b44200 flushing  nmethod 0x0000012edc6c1b90
Event: 45.094 Thread 0x0000012ed8b44200 flushing  nmethod 0x0000012edc703010
Event: 45.094 Thread 0x0000012ed8b44200 flushing  nmethod 0x0000012edc72f490
Event: 45.094 Thread 0x0000012ed8b44200 flushing  nmethod 0x0000012edc74ba90
Event: 45.094 Thread 0x0000012ed8b44200 flushing  nmethod 0x0000012edc74ec90
Event: 45.094 Thread 0x0000012ed8b44200 flushing  nmethod 0x0000012edc74f390
Event: 45.094 Thread 0x0000012ed8b44200 flushing  nmethod 0x0000012edc766b90
Event: 45.094 Thread 0x0000012ed8b44200 flushing  nmethod 0x0000012edc767190
Event: 45.094 Thread 0x0000012ed8b44200 flushing  nmethod 0x0000012edc768010
Event: 45.094 Thread 0x0000012ed8b44200 flushing  nmethod 0x0000012edc769510
Event: 45.094 Thread 0x0000012ed8b44200 flushing  nmethod 0x0000012edc7c1c10

Events (20 events):
Event: 38.802 Thread 0x0000012ed8c5eab0 Thread added: 0x0000012efa69f090
Event: 39.508 Thread 0x0000012efa69f090 Thread exited: 0x0000012efa69f090
Event: 40.528 Thread 0x0000012ed8c6ddb0 Thread added: 0x0000012efa69dc20
Event: 41.632 Thread 0x0000012ed8c6ddb0 Thread added: 0x0000012efa6a0500
Event: 43.500 Thread 0x0000012efa69dc20 Thread exited: 0x0000012efa69dc20
Event: 43.500 Thread 0x0000012efa6a0500 Thread exited: 0x0000012efa6a0500
Event: 44.869 Thread 0x0000012ed8c5eab0 Thread added: 0x0000012efa69dc20
Event: 44.982 Thread 0x0000012ef8e1f060 Thread exited: 0x0000012ef8e1f060
Event: 45.472 Thread 0x0000012ed8c6ddb0 Thread added: 0x0000012efa69f760
Event: 45.907 Thread 0x0000012efa69f760 Thread exited: 0x0000012efa69f760
Event: 47.224 Thread 0x0000012efa69dc20 Thread exited: 0x0000012efa69dc20
Event: 57.644 Thread 0x0000012ed8c6ddb0 Thread added: 0x0000012efa69dc20
Event: 58.009 Thread 0x0000012efa69dc20 Thread exited: 0x0000012efa69dc20
Event: 58.644 Thread 0x0000012ed8c6ddb0 Thread added: 0x0000012efa69fe30
Event: 58.698 Thread 0x0000012ef8e20410 Thread exited: 0x0000012ef8e20410
Event: 58.716 Thread 0x0000012ed8c6ddb0 Thread added: 0x0000012efa6a0500
Event: 60.249 Thread 0x0000012efa6a0500 Thread exited: 0x0000012efa6a0500
Event: 60.271 Thread 0x0000012efa69fe30 Thread exited: 0x0000012efa69fe30
Event: 60.479 Thread 0x0000012ed8c6ddb0 Thread added: 0x0000012efa69e2f0
Event: 60.516 Thread 0x0000012ed8c6ddb0 Thread added: 0x0000012efa69f760


Dynamic libraries:
0x00007ff749df0000 - 0x00007ff749dfe000 	c:\Users\LENOVO\.antigravity\extensions\redhat.java-1.51.0-win32-x64\jre\21.0.9-win32-x86_64\bin\java.exe
0x00007ffb38660000 - 0x00007ffb388c7000 	C:\WINDOWS\SYSTEM32\ntdll.dll
0x00007ffb37b10000 - 0x00007ffb37bd9000 	C:\WINDOWS\System32\KERNEL32.DLL
0x00007ffb35c10000 - 0x00007ffb35fff000 	C:\WINDOWS\System32\KERNELBASE.dll
0x00007ffb36010000 - 0x00007ffb3615b000 	C:\WINDOWS\System32\ucrtbase.dll
0x00007ffb27480000 - 0x00007ffb27498000 	c:\Users\LENOVO\.antigravity\extensions\redhat.java-1.51.0-win32-x64\jre\21.0.9-win32-x86_64\bin\jli.dll
0x00007ffb274a0000 - 0x00007ffb274be000 	c:\Users\LENOVO\.antigravity\extensions\redhat.java-1.51.0-win32-x64\jre\21.0.9-win32-x86_64\bin\VCRUNTIME140.dll
0x00007ffb15ea0000 - 0x00007ffb16133000 	C:\WINDOWS\WinSxS\amd64_microsoft.windows.common-controls_6595b64144ccf1df_6.0.26100.7309_none_3e05feeae336a044\COMCTL32.dll
0x00007ffb38340000 - 0x00007ffb38505000 	C:\WINDOWS\System32\USER32.dll
0x00007ffb38570000 - 0x00007ffb38619000 	C:\WINDOWS\System32\msvcrt.dll
0x00007ffb357b0000 - 0x00007ffb357d7000 	C:\WINDOWS\System32\win32u.dll
0x00007ffb37400000 - 0x00007ffb3742b000 	C:\WINDOWS\System32\GDI32.dll
0x00007ffb362d0000 - 0x00007ffb363fc000 	C:\WINDOWS\System32\gdi32full.dll
0x00007ffb35b60000 - 0x00007ffb35c03000 	C:\WINDOWS\System32\msvcp_win.dll
0x00007ffb36d80000 - 0x00007ffb36db1000 	C:\WINDOWS\System32\IMM32.DLL
0x00007ffb30160000 - 0x00007ffb3016c000 	c:\Users\LENOVO\.antigravity\extensions\redhat.java-1.51.0-win32-x64\jre\21.0.9-win32-x86_64\bin\vcruntime140_1.dll
0x00007ffb25830000 - 0x00007ffb258bd000 	c:\Users\LENOVO\.antigravity\extensions\redhat.java-1.51.0-win32-x64\jre\21.0.9-win32-x86_64\bin\msvcp140.dll
0x00007ffa97950000 - 0x00007ffa986f0000 	c:\Users\LENOVO\.antigravity\extensions\redhat.java-1.51.0-win32-x64\jre\21.0.9-win32-x86_64\bin\server\jvm.dll
0x00007ffb36ba0000 - 0x00007ffb36c54000 	C:\WINDOWS\System32\ADVAPI32.dll
0x00007ffb37590000 - 0x00007ffb37636000 	C:\WINDOWS\System32\sechost.dll
0x00007ffb36c60000 - 0x00007ffb36d78000 	C:\WINDOWS\System32\RPCRT4.dll
0x00007ffb37430000 - 0x00007ffb374a4000 	C:\WINDOWS\System32\WS2_32.dll
0x00007ffb35630000 - 0x00007ffb3568e000 	C:\WINDOWS\SYSTEM32\POWRPROF.dll
0x00007ffb2dbf0000 - 0x00007ffb2dc25000 	C:\WINDOWS\SYSTEM32\WINMM.dll
0x00007ffb2dc30000 - 0x00007ffb2dc3b000 	C:\WINDOWS\SYSTEM32\VERSION.dll
0x00007ffb35610000 - 0x00007ffb35624000 	C:\WINDOWS\SYSTEM32\UMPDC.dll
0x00007ffb34530000 - 0x00007ffb3454b000 	C:\WINDOWS\SYSTEM32\kernel.appcore.dll
0x00007ffb2de00000 - 0x00007ffb2de0a000 	c:\Users\LENOVO\.antigravity\extensions\redhat.java-1.51.0-win32-x64\jre\21.0.9-win32-x86_64\bin\jimage.dll
0x00007ffb1f770000 - 0x00007ffb1f9b2000 	C:\WINDOWS\SYSTEM32\DBGHELP.DLL
0x00007ffb36dc0000 - 0x00007ffb37146000 	C:\WINDOWS\System32\combase.dll
0x00007ffb374b0000 - 0x00007ffb37586000 	C:\WINDOWS\System32\OLEAUT32.dll
0x00007ffb0cea0000 - 0x00007ffb0cedc000 	C:\WINDOWS\SYSTEM32\dbgcore.DLL
0x00007ffb36160000 - 0x00007ffb36205000 	C:\WINDOWS\System32\bcryptPrimitives.dll
0x00007ffb26fa0000 - 0x00007ffb26faf000 	c:\Users\LENOVO\.antigravity\extensions\redhat.java-1.51.0-win32-x64\jre\21.0.9-win32-x86_64\bin\instrument.dll
0x00007ffb26410000 - 0x00007ffb26430000 	c:\Users\LENOVO\.antigravity\extensions\redhat.java-1.51.0-win32-x64\jre\21.0.9-win32-x86_64\bin\java.dll
0x00007ffb37be0000 - 0x00007ffb38333000 	C:\WINDOWS\System32\SHELL32.dll
0x00007ffb359f0000 - 0x00007ffb35b5a000 	C:\WINDOWS\System32\wintypes.dll
0x00007ffb33390000 - 0x00007ffb33bee000 	C:\WINDOWS\SYSTEM32\windows.storage.dll
0x00007ffb36410000 - 0x00007ffb36505000 	C:\WINDOWS\System32\SHCORE.dll
0x00007ffb37300000 - 0x00007ffb37366000 	C:\WINDOWS\System32\shlwapi.dll
0x00007ffb356d0000 - 0x00007ffb356f9000 	C:\WINDOWS\SYSTEM32\profapi.dll
0x00007ffb28160000 - 0x00007ffb28178000 	c:\Users\LENOVO\.antigravity\extensions\redhat.java-1.51.0-win32-x64\jre\21.0.9-win32-x86_64\bin\zip.dll
0x00007ffb280a0000 - 0x00007ffb280b0000 	C:\Users\LENOVO\.antigravity\extensions\redhat.java-1.51.0-win32-x64\jre\21.0.9-win32-x86_64\bin\net.dll
0x00007ffb2e960000 - 0x00007ffb2ea88000 	C:\WINDOWS\SYSTEM32\WINHTTP.dll
0x00007ffb34ab0000 - 0x00007ffb34b1b000 	C:\WINDOWS\system32\mswsock.dll
0x00007ffb274f0000 - 0x00007ffb27506000 	C:\Users\LENOVO\.antigravity\extensions\redhat.java-1.51.0-win32-x64\jre\21.0.9-win32-x86_64\bin\nio.dll
0x00007ffb28070000 - 0x00007ffb28080000 	c:\Users\LENOVO\.antigravity\extensions\redhat.java-1.51.0-win32-x64\jre\21.0.9-win32-x86_64\bin\verify.dll
0x00007ffb25c10000 - 0x00007ffb25c54000 	C:\Users\LENOVO\AppData\Roaming\Antigravity\User\globalStorage\redhat.java\1.51.0\config_win\org.eclipse.equinox.launcher\org.eclipse.equinox.launcher.win32.win32.x86_64_1.2.1400.v20250801-0854\eclipse_11916.dll
0x00007ffb37150000 - 0x00007ffb372e7000 	C:\WINDOWS\System32\ole32.dll
0x00007ffb34d90000 - 0x00007ffb34dab000 	C:\WINDOWS\SYSTEM32\CRYPTSP.dll
0x00007ffb34480000 - 0x00007ffb344ba000 	C:\WINDOWS\system32\rsaenh.dll
0x00007ffb34b80000 - 0x00007ffb34bab000 	C:\WINDOWS\SYSTEM32\USERENV.dll
0x00007ffb356a0000 - 0x00007ffb356ca000 	C:\WINDOWS\SYSTEM32\bcrypt.dll
0x00007ffb34db0000 - 0x00007ffb34dbc000 	C:\WINDOWS\SYSTEM32\CRYPTBASE.dll
0x00007ffb33f10000 - 0x00007ffb33f44000 	C:\WINDOWS\SYSTEM32\IPHLPAPI.DLL
0x00007ffb36400000 - 0x00007ffb3640a000 	C:\WINDOWS\System32\NSI.dll
0x00007ffb26450000 - 0x00007ffb26499000 	C:\Users\LENOVO\AppData\Local\Temp\jna--2053026509\jna3629132894155563487.dll
0x00007ffb372f0000 - 0x00007ffb372f8000 	C:\WINDOWS\System32\PSAPI.DLL
0x00007ffb2eaa0000 - 0x00007ffb2eabe000 	C:\WINDOWS\SYSTEM32\dhcpcsvc6.DLL
0x00007ffb2e640000 - 0x00007ffb2e663000 	C:\WINDOWS\SYSTEM32\dhcpcsvc.DLL
0x00007ffb274e0000 - 0x00007ffb274ee000 	C:\Users\LENOVO\.antigravity\extensions\redhat.java-1.51.0-win32-x64\jre\21.0.9-win32-x86_64\bin\sunmscapi.dll
0x00007ffb357e0000 - 0x00007ffb35957000 	C:\WINDOWS\System32\CRYPT32.dll
0x00007ffb35020000 - 0x00007ffb35050000 	C:\WINDOWS\SYSTEM32\ncrypt.dll
0x00007ffb34fd0000 - 0x00007ffb3500f000 	C:\WINDOWS\SYSTEM32\NTASN1.dll
0x00007ffb33f50000 - 0x00007ffb3407c000 	C:\WINDOWS\SYSTEM32\DNSAPI.dll
0x00007ffb21cd0000 - 0x00007ffb21cdb000 	C:\Windows\System32\rasadhlp.dll
0x00007ffb2da70000 - 0x00007ffb2daf6000 	C:\WINDOWS\System32\fwpuclnt.dll
0x00007ffb26400000 - 0x00007ffb26409000 	C:\Users\LENOVO\.antigravity\extensions\redhat.java-1.51.0-win32-x64\jre\21.0.9-win32-x86_64\bin\extnet.dll
0x00007ffb264a0000 - 0x00007ffb264c7000 	C:\Users\LENOVO\.gradle\native\1def1411415f61bf3af743bc5b6707747c0891f09f0c88961ee8f79bc544acac\windows-amd64\native-platform.dll
0x00007ffb28090000 - 0x00007ffb2809a000 	C:\Users\LENOVO\.antigravity\extensions\redhat.java-1.51.0-win32-x64\jre\21.0.9-win32-x86_64\bin\management.dll
0x00007ffb28080000 - 0x00007ffb2808c000 	C:\Users\LENOVO\.antigravity\extensions\redhat.java-1.51.0-win32-x64\jre\21.0.9-win32-x86_64\bin\management_ext.dll

JVMTI agents:
c:\Users\LENOVO\.antigravity\extensions\redhat.java-1.51.0-win32-x64\lombok\lombok-1.18.39-4050.jar path:c:\Users\LENOVO\.antigravity\extensions\redhat.java-1.51.0-win32-x64\jre\21.0.9-win32-x86_64\bin\instrument.dll, loaded, initialized, instrumentlib options:none

dbghelp: loaded successfully - version: 4.0.5 - missing functions: none
symbol engine: initialized successfully - sym options: 0x614 - pdb path: .;c:\Users\LENOVO\.antigravity\extensions\redhat.java-1.51.0-win32-x64\jre\21.0.9-win32-x86_64\bin;C:\WINDOWS\SYSTEM32;C:\WINDOWS\WinSxS\amd64_microsoft.windows.common-controls_6595b64144ccf1df_6.0.26100.7309_none_3e05feeae336a044;c:\Users\LENOVO\.antigravity\extensions\redhat.java-1.51.0-win32-x64\jre\21.0.9-win32-x86_64\bin\server;C:\Users\LENOVO\AppData\Roaming\Antigravity\User\globalStorage\redhat.java\1.51.0\config_win\org.eclipse.equinox.launcher\org.eclipse.equinox.launcher.win32.win32.x86_64_1.2.1400.v20250801-0854;C:\Users\LENOVO\AppData\Local\Temp\jna--2053026509;C:\Users\LENOVO\.gradle\native\1def1411415f61bf3af743bc5b6707747c0891f09f0c88961ee8f79bc544acac\windows-amd64

VM Arguments:
jvm_args: --add-modules=ALL-SYSTEM --add-opens=java.base/java.util=ALL-UNNAMED --add-opens=java.base/java.lang=ALL-UNNAMED --add-opens=java.base/sun.nio.fs=ALL-UNNAMED -Declipse.application=org.eclipse.jdt.ls.core.id1 -Dosgi.bundles.defaultStartLevel=4 -Declipse.product=org.eclipse.jdt.ls.core.product -Djava.import.generatesMetadataFilesAtProjectRoot=false -DDetectVMInstallationsJob.disabled=true -Dfile.encoding=utf8 -XX:+UseParallelGC -XX:GCTimeRatio=4 -XX:AdaptiveSizePolicyWeight=90 -Dsun.zip.disableMemoryMapping=true -Xmx2G -Xms100m -Xlog:disable -javaagent:c:\Users\LENOVO\.antigravity\extensions\redhat.java-1.51.0-win32-x64\lombok\lombok-1.18.39-4050.jar -XX:+HeapDumpOnOutOfMemoryError -XX:HeapDumpPath=c:\Users\LENOVO\AppData\Roaming\Antigravity\User\workspaceStorage\e59359546b2dd40c70b9ce3419f137bf\redhat.java -Daether.dependencyCollector.impl=bf 
java_command: c:\Users\LENOVO\.antigravity\extensions\redhat.java-1.51.0-win32-x64\server\plugins\org.eclipse.equinox.launcher_1.7.100.v20251111-0406.jar -configuration c:\Users\LENOVO\AppData\Roaming\Antigravity\User\globalStorage\redhat.java\1.51.0\config_win -data c:\Users\LENOVO\AppData\Roaming\Antigravity\User\workspaceStorage\e59359546b2dd40c70b9ce3419f137bf\redhat.java\jdt_ws --pipe=\\.\pipe\lsp-aa81d202b601b9c1a852ebeb2e88fda6-sock
java_class_path (initial): c:\Users\LENOVO\.antigravity\extensions\redhat.java-1.51.0-win32-x64\server\plugins\org.eclipse.equinox.launcher_1.7.100.v20251111-0406.jar
Launcher Type: SUN_STANDARD

[Global flags]
    uintx AdaptiveSizePolicyWeight                 = 90                                        {product} {command line}
     intx CICompilerCount                          = 4                                         {product} {ergonomic}
    uintx GCTimeRatio                              = 4                                         {product} {command line}
     bool HeapDumpOnOutOfMemoryError               = true                                   {manageable} {command line}
    ccstr HeapDumpPath                             = c:\Users\LENOVO\AppData\Roaming\Antigravity\User\workspaceStorage\e59359546b2dd40c70b9ce3419f137bf\redhat.java         {manageable} {command line}
   size_t InitialHeapSize                          = 104857600                                 {product} {command line}
   size_t MaxHeapSize                              = 2147483648                                {product} {command line}
   size_t MaxNewSize                               = 715653120                                 {product} {ergonomic}
   size_t MinHeapDeltaBytes                        = 524288                                    {product} {ergonomic}
   size_t MinHeapSize                              = 104857600                                 {product} {command line}
   size_t NewSize                                  = 34603008                                  {product} {ergonomic}
    uintx NonNMethodCodeHeapSize                   = 5839372                                {pd product} {ergonomic}
    uintx NonProfiledCodeHeapSize                  = 122909434                              {pd product} {ergonomic}
   size_t OldSize                                  = 70254592                                  {product} {ergonomic}
    uintx ProfiledCodeHeapSize                     = 122909434                              {pd product} {ergonomic}
    uintx ReservedCodeCacheSize                    = 251658240                              {pd product} {ergonomic}
     bool SegmentedCodeCache                       = true                                      {product} {ergonomic}
   size_t SoftMaxHeapSize                          = 2147483648                             {manageable} {ergonomic}
     bool UseCompressedOops                        = true                           {product lp64_product} {ergonomic}
     bool UseLargePagesIndividualAllocation        = false                                  {pd product} {ergonomic}
     bool UseParallelGC                            = true                                      {product} {command line}

Logging:
Log output configuration:
 #0: stdout all=off uptime,level,tags foldmultilines=false
 #1: stderr all=off uptime,level,tags foldmultilines=false

Release file:
JAVA_VERSION="21.0.9" 
MODULES="java.base java.compiler java.datatransfer java.xml java.prefs java.desktop java.instrument java.logging java.management java.security.sasl java.naming java.rmi java.management.rmi java.net.http java.scripting java.security.jgss java.transaction.xa java.sql java.sql.rowset java.xml.crypto java.se java.smartcardio jdk.accessibility jdk.internal.jvmstat jdk.attach jdk.charsets jdk.internal.opt jdk.zipfs jdk.compiler jdk.crypto.ec jdk.crypto.cryptoki jdk.crypto.mscapi jdk.dynalink jdk.internal.ed jdk.editpad jdk.hotspot.agent jdk.httpserver jdk.internal.le jdk.internal.vm.ci jdk.internal.vm.compiler jdk.internal.vm.compiler.management jdk.jartool jdk.javadoc jdk.jcmd jdk.management jdk.management.agent jdk.jconsole jdk.jdeps jdk.jdwp.agent jdk.jdi jdk.jfr jdk.jshell jdk.jsobject jdk.jstatd jdk.localedata jdk.management.jfr jdk.naming.dns jdk.naming.rmi jdk.net jdk.nio.mapmode jdk.random jdk.sctp jdk.security.auth jdk.security.jgss jdk.unsupported jdk.unsupported.desktop jdk.xml.dom" 

Environment Variables:
PATH=C:\Program Files\Common Files\Oracle\Java\javapath;C:\Program Files (x86)\Common Files\Oracle\Java\javapath;C:\Python313\Scripts\;C:\Python313\;C:\WINDOWS\system32;C:\WINDOWS;C:\WINDOWS\System32\Wbem;C:\WINDOWS\System32\WindowsPowerShell\v1.0\;C:\WINDOWS\System32\OpenSSH\;C:\xampp\php;C:\Program Files\php-8.4.4-nts-Win32-vs17-x64;C:\Program Files\nodejs\;C:\ProgramData\chocolatey\bin;C:\ProgramData\ComposerSetup\bin;C:\Users\LENOVO\AppData\Local\Android\Sdk\platform-tools;C:\apache-maven-3.9.12\bin;C:\Users\LENOVO\AppData\Local\Microsoft\WindowsApps;C:\Users\LENOVO\AppData\Local\Programs\Microsoft VS Code\bin;C:\Users\LENOVO\AppData\Local\Programs\Git\cmd;C:\Users\LENOVO\AppData\Roaming\npm;C:\Program Files\JetBrains\IntelliJ IDEA 2024.3\bin;;C:\Users\LENOVO\AppData\Roaming\Composer\vendor\bin;C:\flutter\bin;C:\Users\LENOVO\AppData\Local\Programs\Antigravity\bin;C:\Users\LENOVO\AppData\Local\Pub\Cache\bin;C:\Users\LENOVO\AppData\Local\Pub\Cache\bin;
USERNAME=LENOVO
OS=Windows_NT
PROCESSOR_IDENTIFIER=AMD64 Family 25 Model 80 Stepping 0, AuthenticAMD
TMP=C:\Users\LENOVO\AppData\Local\Temp
TEMP=C:\Users\LENOVO\AppData\Local\Temp




Periodic native trim disabled

---------------  S Y S T E M  ---------------

OS:
 Windows 11 , 64 bit Build 26100 (10.0.26100.7623)
OS uptime: 0 days 6:38 hours
Hyper-V role detected

CPU: total 12 (initial active 12) (12 cores per cpu, 2 threads per core) family 25 model 80 stepping 0 microcode 0xa50000c, cx8, cmov, fxsr, ht, mmx, 3dnowpref, sse, sse2, sse3, ssse3, sse4a, sse4.1, sse4.2, popcnt, lzcnt, tsc, tscinvbit, avx, avx2, aes, erms, clmul, bmi1, bmi2, adx, sha, fma, vzeroupper, clflush, clflushopt, hv, rdtscp, rdpid, fsrm, f16c, cet_ss
Processor Information for processor 0
  Max Mhz: 3301, Current Mhz: 3301, Mhz Limit: 3301
Processor Information for processor 1
  Max Mhz: 3301, Current Mhz: 2011, Mhz Limit: 3301
Processor Information for processor 2
  Max Mhz: 3301, Current Mhz: 3301, Mhz Limit: 3301
Processor Information for processor 3
  Max Mhz: 3301, Current Mhz: 3301, Mhz Limit: 3301
Processor Information for processor 4
  Max Mhz: 3301, Current Mhz: 3301, Mhz Limit: 3301
Processor Information for processor 5
  Max Mhz: 3301, Current Mhz: 3301, Mhz Limit: 3301
Processor Information for processor 6
  Max Mhz: 3301, Current Mhz: 2011, Mhz Limit: 3301
Processor Information for processor 7
  Max Mhz: 3301, Current Mhz: 3301, Mhz Limit: 3301
Processor Information for processor 8
  Max Mhz: 3301, Current Mhz: 3301, Mhz Limit: 3301
Processor Information for processor 9
  Max Mhz: 3301, Current Mhz: 3301, Mhz Limit: 3301
Processor Information for processor 10
  Max Mhz: 3301, Current Mhz: 3301, Mhz Limit: 3301
Processor Information for processor 11
  Max Mhz: 3301, Current Mhz: 3301, Mhz Limit: 3301

Memory: 4k page, system-wide physical 14188M (747M free)
TotalPageFile size 25636M (AvailPageFile size 53M)
current process WorkingSet (physical memory assigned to process): 1381M, peak: 1381M
current process commit charge ("private bytes"): 1252M, peak: 1252M

vm_info: OpenJDK 64-Bit Server VM (21.0.9+10-LTS) for windows-amd64 JRE (21.0.9+10-LTS), built on 2025-10-21T00:00:00Z by "admin" with unknown MS VC++:1942

END.
